<?xml version="1.0" encoding="UTF-8"?>
<!-- Generated by org.testng.reporters.JUnitReportReporter -->
<testsuite skipped="0" hostname="lenovo" name="module6.Sequencing" tests="5" failures="0" timestamp="19 Sep 2019 07:55:48 GMT" time="0.053" errors="0">
  <testcase name="Mumbai" time="0.008" classname="module6.Sequencing"/>
  <testcase name="Pune" time="0.008" classname="module6.Sequencing"/>
  <testcase name="Banglore" time="0.025" classname="module6.Sequencing"/>
  <testcase name="Chennai" time="0.004" classname="module6.Sequencing"/>
  <testcase name="Hyderabad" time="0.008" classname="module6.Sequencing"/>
</testsuite> <!-- module6.Sequencing -->
