<?xml version="1.0" encoding="UTF-8"?>
<!-- Generated by org.testng.reporters.JUnitReportReporter -->
<testsuite hostname="lenovo" name="module6.Sequencing1" tests="5" failures="0" timestamp="24 Aug 2019 13:20:22 GMT" time="0.040" errors="0">
  <testcase name="Chennai" time="0.004" classname="module6.Sequencing1"/>
  <testcase name="Hyderabad" time="0.002" classname="module6.Sequencing1"/>
  <testcase name="Banglore" time="0.004" classname="module6.Sequencing1"/>
  <testcase name="Pune" time="0.027" classname="module6.Sequencing1"/>
  <testcase name="Mumbai" time="0.003" classname="module6.Sequencing1"/>
</testsuite> <!-- module6.Sequencing1 -->
