<?xml version="1.0" encoding="UTF-8"?>
<!-- Generated by org.testng.reporters.JUnitReportReporter -->
<testsuite hostname="lenovo" name="module6.Priority" tests="5" failures="0" timestamp="24 Aug 2019 09:41:10 GMT" time="0.035" errors="0">
  <testcase name="Pune" time="0.005" classname="module6.Priority"/>
  <testcase name="Hyderabad" time="0.000" classname="module6.Priority"/>
  <testcase name="Chennai" time="0.005" classname="module6.Priority"/>
  <testcase name="Mumbai" time="0.025" classname="module6.Priority"/>
  <testcase name="Banglore" time="0.000" classname="module6.Priority"/>
</testsuite> <!-- module6.Priority -->
