<?xml version="1.0" encoding="UTF-8"?>
<!-- Generated by org.testng.reporters.JUnitReportReporter -->
<testsuite skipped="0" hostname="lenovo" name="module6.Grouping" tests="3" failures="0" timestamp="08 Sep 2019 10:49:53 GMT" time="0.040" errors="0">
  <testcase name="TC2" time="0.035" classname="module6.Grouping"/>
  <testcase name="TC3" time="0.005" classname="module6.Grouping"/>
  <testcase name="TC6" time="0.000" classname="module6.Grouping"/>
</testsuite> <!-- module6.Grouping -->
