<?xml version="1.0" encoding="UTF-8"?>
<!-- Generated by org.testng.reporters.JUnitReportReporter -->
<testsuite hostname="lenovo" name="module6.TestNG_Demo" tests="1" failures="0" timestamp="24 Aug 2019 06:32:03 GMT" time="0.007" errors="0">
  <testcase name="f" time="0.007" classname="module6.TestNG_Demo"/>
</testsuite> <!-- module6.TestNG_Demo -->
