<?xml version="1.0" encoding="UTF-8"?>
<!-- Generated by org.testng.reporters.JUnitReportReporter -->
<testsuite hostname="lenovo" name="module6.Dependency1" tests="5" failures="0" timestamp="24 Aug 2019 10:51:35 GMT" time="25.317" errors="0">
  <testcase name="CloseBrowser" time="0.649" classname="module6.Dependency1"/>
  <testcase name="OpenBrowser" time="5.017" classname="module6.Dependency1"/>
  <testcase name="Logout" time="6.183" classname="module6.Dependency1"/>
  <testcase name="OpenAUT" time="3.399" classname="module6.Dependency1"/>
  <testcase name="Login" time="10.069" classname="module6.Dependency1"/>
</testsuite> <!-- module6.Dependency1 -->
