<?xml version="1.0" encoding="UTF-8"?>
<!-- Generated by org.testng.reporters.JUnitReportReporter -->
<testsuite hostname="lenovo" name="module6.NewTest" tests="1" failures="0" timestamp="24 Aug 2019 07:11:40 GMT" time="44.765" errors="0">
  <testcase name="LogIn" time="44.765" classname="module6.NewTest"/>
</testsuite> <!-- module6.NewTest -->
