<?xml version="1.0" encoding="UTF-8"?>
<!-- Generated by org.testng.reporters.JUnitReportReporter -->
<testsuite skipped="0" hostname="lenovo" name="module9.TestCase.DDT" tests="10" failures="0" timestamp="19 Sep 2019 11:35:42 GMT" time="55.244" errors="0">
  <testcase name="FormFill" time="5.689" classname="module9.TestCase.DDT"/>
  <testcase name="FormFill" time="5.460" classname="module9.TestCase.DDT"/>
  <testcase name="FormFill" time="5.473" classname="module9.TestCase.DDT"/>
  <testcase name="FormFill" time="5.462" classname="module9.TestCase.DDT"/>
  <testcase name="FormFill" time="5.704" classname="module9.TestCase.DDT"/>
  <testcase name="FormFill" time="5.757" classname="module9.TestCase.DDT"/>
  <testcase name="FormFill" time="5.342" classname="module9.TestCase.DDT"/>
  <testcase name="FormFill" time="5.524" classname="module9.TestCase.DDT"/>
  <testcase name="FormFill" time="5.512" classname="module9.TestCase.DDT"/>
  <testcase name="FormFill" time="5.321" classname="module9.TestCase.DDT"/>
</testsuite> <!-- module9.TestCase.DDT -->
