<?xml version="1.0" encoding="UTF-8"?>
<!-- Generated by org.testng.reporters.JUnitReportReporter -->
<testsuite skipped="0" hostname="lenovo" name="module6.Annotations" tests="1" failures="0" timestamp="19 Sep 2019 07:50:07 GMT" time="0.009" errors="0">
  <testcase name="Test1" time="0.009" classname="module6.Annotations"/>
</testsuite> <!-- module6.Annotations -->
