<?xml version="1.0" encoding="UTF-8"?>
<!-- Generated by org.testng.reporters.JUnitReportReporter -->
<testsuite skipped="2" hostname="lenovo" name="module6.DisableEnable" tests="7" failures="0" timestamp="26 Sep 2019 12:19:29 GMT" time="14.248" errors="0">
  <testcase name="OpenBrowser" time="5.553" classname="module6.DisableEnable"/>
  <testcase name="OpenAUT" time="5.642" classname="module6.DisableEnable"/>
  <testcase name="TestRegisterLink" time="1.634" classname="module6.DisableEnable"/>
  <testcase name="TestSupportLink" time="1.179" classname="module6.DisableEnable"/>
  <testcase name="CloseBrowser" time="0.240" classname="module6.DisableEnable"/>
  <testcase name="Login" classname="module6.DisableEnable">
    <skipped/>
  </testcase> <!-- Login -->
  <testcase name="Logout" classname="module6.DisableEnable">
    <skipped/>
  </testcase> <!-- Logout -->
</testsuite> <!-- module6.DisableEnable -->
